Running q3_part1

l = 2
Consecutive residual norm ||r0|| = 1261.797981, ||r0|| / len(r0) = 0.077014
Consecutive residual norm ||r1|| = 627.917032, ||r1|| / len(r1) = 0.153300
total no. of coarse level solves = 4817
time taken = 12.503704
final residual ||r|| = 1264.023227, ||r||/ len(r) = 0.077150

l = 3
Consecutive residual norm ||r0|| = 1261.797981, ||r0|| / len(r0) = 0.077014
Consecutive residual norm ||r1|| = 627.917032, ||r1|| / len(r1) = 0.153300
Consecutive residual norm ||r2|| = 308.166766, ||r2|| / len(r2) = 0.300944
total no. of coarse level solves = 1231
time taken = 4.153801
final residual ||r|| = 1265.371902, ||r||/ len(r) = 0.077232

l = 4
Consecutive residual norm ||r0|| = 1261.797981, ||r0|| / len(r0) = 0.077014
Consecutive residual norm ||r1|| = 621.561344, ||r1|| / len(r1) = 0.151748
Consecutive residual norm ||r2|| = 1947.368807, ||r2|| / len(r2) = 1.901727
Consecutive residual norm ||r3|| = 860.816263, ||r3|| / len(r3) = 3.362564
total no. of coarse level solves = 352
time taken = 4.025201
final residual ||r|| = 1295.769703, ||r||/ len(r) = 0.079088

l = 5
Consecutive residual norm ||r0|| = 1261.797981, ||r0|| / len(r0) = 0.077014
Consecutive residual norm ||r1|| = 621.561344, ||r1|| / len(r1) = 0.151748
Consecutive residual norm ||r2|| = 1947.368807, ||r2|| / len(r2) = 1.901727
Consecutive residual norm ||r3|| = 860.816263, ||r3|| / len(r3) = 3.362564
Consecutive residual norm ||r4|| = 294.509158, ||r4|| / len(r4) = 4.601706
total no. of coarse level solves = 98
time taken = 4.041392
final residual ||r|| = 1477.914647, ||r||/ len(r) = 0.090205

l = 6
Consecutive residual norm ||r0|| = 1261.797981, ||r0|| / len(r0) = 0.077014
Consecutive residual norm ||r1|| = 621.293558, ||r1|| / len(r1) = 0.151683
Consecutive residual norm ||r2|| = 1940.907484, ||r2|| / len(r2) = 1.895417
Consecutive residual norm ||r3|| = 858.233555, ||r3|| / len(r3) = 3.352475
Consecutive residual norm ||r4|| = 294.342408, ||r4|| / len(r4) = 4.599100
Consecutive residual norm ||r5|| = 50.902738, ||r5|| / len(r5) = 3.181421
total no. of coarse level solves = 27
time taken = 3.990049
final residual ||r|| = 1027.242928, ||r||/ len(r) = 0.062698
