Running q3_part2

N = 16
Consecutive residual norm ||r0|| = 146.724465, ||r0|| / len(r0) = 0.573142
Consecutive residual norm ||r1|| = 56.014507, ||r1|| / len(r1) = 0.875227
total no. of coarse level solves = 91
time taken = 0.001229
final residual ||r|| = 154.927827, ||r||/ len(r) = 0.605187

N = 32
Consecutive residual norm ||r0|| = 309.944138, ||r0|| / len(r0) = 0.302680
Consecutive residual norm ||r1|| = 144.186548, ||r1|| / len(r1) = 0.563229
total no. of coarse level solves = 327
time taken = 0.016877
final residual ||r|| = 316.037673, ||r||/ len(r) = 0.308631

N = 64
Consecutive residual norm ||r0|| = 628.656150, ||r0|| / len(r0) = 0.153481
Consecutive residual norm ||r1|| = 308.524198, ||r1|| / len(r1) = 0.301293
total no. of coarse level solves = 1231
time taken = 0.368223
final residual ||r|| = 632.606106, ||r||/ len(r) = 0.154445

N = 128
Consecutive residual norm ||r0|| = 1261.797981, ||r0|| / len(r0) = 0.077014
Consecutive residual norm ||r1|| = 627.917032, ||r1|| / len(r1) = 0.153300
total no. of coarse level solves = 4817
time taken = 12.177153
final residual ||r|| = 1264.023227, ||r||/ len(r) = 0.077150
